[    57.637] (--) Log file renamed from "/home/rp/.local/share/xorg/Xorg.pid-1508.log" to "/home/rp/.local/share/xorg/Xorg.0.log"
[    57.641] 
X.Org X Server 1.20.13
X Protocol Version 11, Revision 0
[    57.641] Build Operating System: linux Ubuntu
[    57.641] Current Operating System: Linux ubuntu 5.15.0-58-generic #64~20.04.1-Ubuntu SMP Fri Jan 6 16:42:31 UTC 2023 x86_64
[    57.641] Kernel command line: BOOT_IMAGE=/boot/vmlinuz-5.15.0-58-generic root=UUID=7627e96c-28b0-4b0f-a36e-28d23830428d ro find_preseed=/preseed.cfg auto noprompt priority=critical locale=en_US quiet
[    57.641] Build Date: 07 December 2022  01:02:34PM
[    57.641] xorg-server 2:1.20.13-1ubuntu1~20.04.5 (For technical support please see http://www.ubuntu.com/support) 
[    57.641] Current version of pixman: 0.38.4
[    57.641] 	Before reporting problems, check http://wiki.x.org
	to make sure that you have the latest version.
[    57.641] Markers: (--) probed, (**) from config file, (==) default setting,
	(++) from command line, (!!) notice, (II) informational,
	(WW) warning, (EE) error, (NI) not implemented, (??) unknown.
[    57.641] (==) Log file: "/home/rp/.local/share/xorg/Xorg.0.log", Time: Fri Jan 27 18:32:09 2023
[    57.644] (==) Using system config directory "/usr/share/X11/xorg.conf.d"
[    57.650] (==) No Layout section.  Using the first Screen section.
[    57.650] (==) No screen section available. Using defaults.
[    57.650] (**) |-->Screen "Default Screen Section" (0)
[    57.650] (**) |   |-->Monitor "<default monitor>"
[    57.653] (==) No monitor specified for screen "Default Screen Section".
	Using a default monitor configuration.
[    57.653] (==) Automatically adding devices
[    57.653] (==) Automatically enabling devices
[    57.653] (==) Automatically adding GPU devices
[    57.654] (==) Automatically binding GPU devices
[    57.654] (==) Max clients allowed: 256, resource mask: 0x1fffff
[    57.654] (WW) The directory "/usr/share/fonts/X11/cyrillic" does not exist.
[    57.654] 	Entry deleted from font path.
[    57.654] (WW) The directory "/usr/share/fonts/X11/100dpi/" does not exist.
[    57.654] 	Entry deleted from font path.
[    57.654] (WW) The directory "/usr/share/fonts/X11/75dpi/" does not exist.
[    57.654] 	Entry deleted from font path.
[    57.654] (WW) The directory "/usr/share/fonts/X11/100dpi" does not exist.
[    57.654] 	Entry deleted from font path.
[    57.654] (WW) The directory "/usr/share/fonts/X11/75dpi" does not exist.
[    57.654] 	Entry deleted from font path.
[    57.654] (==) FontPath set to:
	/usr/share/fonts/X11/misc,
	/usr/share/fonts/X11/Type1,
	built-ins
[    57.654] (==) ModulePath set to "/usr/lib/xorg/modules"
[    57.654] (II) The server relies on udev to provide the list of input devices.
	If no devices become available, reconfigure udev or disable AutoAddDevices.
[    57.654] (II) Loader magic: 0x55d151205020
[    57.654] (II) Module ABI versions:
[    57.654] 	X.Org ANSI C Emulation: 0.4
[    57.654] 	X.Org Video Driver: 24.1
[    57.654] 	X.Org XInput driver : 24.1
[    57.654] 	X.Org Server Extension : 10.0
[    57.661] (++) using VT number 2

[    57.668] (II) systemd-logind: took control of session /org/freedesktop/login1/session/_32
[    57.674] (II) xfree86: Adding drm device (/dev/dri/card0)
[    57.690] (II) systemd-logind: got fd for /dev/dri/card0 226:0 fd 12 paused 0
[    57.729] (--) PCI:*(0@0:15:0) 15ad:0405:15ad:0405 rev 0, Mem @ 0xe8000000/134217728, 0xfe000000/8388608, I/O @ 0x00001070/16, BIOS @ 0x????????/131072
[    57.736] (II) LoadModule: "glx"
[    57.750] (II) Loading /usr/lib/xorg/modules/extensions/libglx.so
[    57.766] (II) Module glx: vendor="X.Org Foundation"
[    57.766] 	compiled for 1.20.13, module version = 1.0.0
[    57.766] 	ABI class: X.Org Server Extension, version 10.0
[    57.766] (==) Matched vmware as autoconfigured driver 0
[    57.766] (==) Matched modesetting as autoconfigured driver 1
[    57.766] (==) Matched fbdev as autoconfigured driver 2
[    57.766] (==) Matched vesa as autoconfigured driver 3
[    57.766] (==) Assigned the driver to the xf86ConfigLayout
[    57.766] (II) LoadModule: "vmware"
[    57.768] (II) Loading /usr/lib/xorg/modules/drivers/vmware_drv.so
[    57.977] (II) Module vmware: vendor="X.Org Foundation"
[    57.977] 	compiled for 1.20.8, module version = 13.3.0
[    57.977] 	Module class: X.Org Video Driver
[    57.977] 	ABI class: X.Org Video Driver, version 24.1
[    57.977] (II) LoadModule: "modesetting"
[    57.978] (II) Loading /usr/lib/xorg/modules/drivers/modesetting_drv.so
[    57.983] (II) Module modesetting: vendor="X.Org Foundation"
[    57.983] 	compiled for 1.20.13, module version = 1.20.13
[    57.983] 	Module class: X.Org Video Driver
[    57.983] 	ABI class: X.Org Video Driver, version 24.1
[    57.983] (II) LoadModule: "fbdev"
[    57.983] (II) Loading /usr/lib/xorg/modules/drivers/fbdev_drv.so
[    57.988] (II) Module fbdev: vendor="X.Org Foundation"
[    57.988] 	compiled for 1.20.1, module version = 0.5.0
[    57.988] 	Module class: X.Org Video Driver
[    57.988] 	ABI class: X.Org Video Driver, version 24.0
[    57.988] (II) LoadModule: "vesa"
[    57.988] (II) Loading /usr/lib/xorg/modules/drivers/vesa_drv.so
[    57.990] (II) Module vesa: vendor="X.Org Foundation"
[    57.990] 	compiled for 1.20.4, module version = 2.4.0
[    57.990] 	Module class: X.Org Video Driver
[    57.990] 	ABI class: X.Org Video Driver, version 24.0
[    57.991] (II) vmware: driver for VMware SVGA: vmware0405, vmware0710
[    57.991] (II) modesetting: Driver for Modesetting Kernel Drivers: kms
[    57.991] (II) FBDEV: driver for framebuffer: fbdev
[    57.991] (II) VESA: driver for VESA chipsets: vesa
[    57.991] xf86EnableIOPorts: failed to set IOPL for I/O (Operation not permitted)
[    57.991] (WW) Falling back to old probe method for modesetting
[    57.992] (WW) Falling back to old probe method for fbdev
[    57.992] (II) Loading sub module "fbdevhw"
[    57.992] (II) LoadModule: "fbdevhw"
[    57.993] (II) Loading /usr/lib/xorg/modules/libfbdevhw.so
[    57.994] (II) Module fbdevhw: vendor="X.Org Foundation"
[    57.994] 	compiled for 1.20.13, module version = 0.0.2
[    57.995] 	ABI class: X.Org Video Driver, version 24.1
[    57.995] (EE) open /dev/fb0: Permission denied
[    57.995] (WW) VGA arbiter: cannot open kernel arbiter, no multi-card support
[    57.995] (II) vmware(0): Creating default Display subsection in Screen section
	"Default Screen Section" for depth/fbbpp 24/32
[    57.995] (--) vmware(0): DRM driver version is 2.19.0
[    57.995] (==) vmware(0): Depth 24, (--) framebuffer bpp 32
[    57.995] (==) vmware(0): RGB weight 888
[    57.995] (==) vmware(0): Default visual is TrueColor
[    57.995] (--) vmware(0): Min width 1, Max Width 16384.
[    57.995] (--) vmware(0): Min height 1, Max Height 16384.
[    57.998] (II) vmware(0): Output Virtual1 has no monitor section
[    57.998] (II) vmware(0): Output Virtual2 has no monitor section
[    57.998] (II) vmware(0): Output Virtual3 has no monitor section
[    57.998] (II) vmware(0): Output Virtual4 has no monitor section
[    57.999] (II) vmware(0): Output Virtual5 has no monitor section
[    57.999] (II) vmware(0): Output Virtual6 has no monitor section
[    57.999] (II) vmware(0): Output Virtual7 has no monitor section
[    57.999] (II) vmware(0): Output Virtual8 has no monitor section
[    57.999] (II) vmware(0): Printing probed modes for output Virtual1
[    58.000] (II) vmware(0): Modeline "800x600"x60.0   42.75  800 850 900 950  600 650 700 750 -hsync +vsync (45.0 kHz eP)
[    58.000] (II) vmware(0): Modeline "3840x2400"x60.0  592.25  3840 3888 3920 4000  2400 2403 2409 2469 +hsync -vsync (148.1 kHz e)
[    58.000] (II) vmware(0): Modeline "3840x2160"x60.0  533.00  3840 3888 3920 4000  2160 2163 2168 2222 +hsync -vsync (133.2 kHz e)
[    58.000] (II) vmware(0): Modeline "2880x1800"x59.9  337.50  2880 2928 2960 3040  1800 1803 1809 1852 +hsync -vsync (111.0 kHz e)
[    58.000] (II) vmware(0): Modeline "2560x1600"x60.0  348.50  2560 2752 3032 3504  1600 1603 1609 1658 -hsync +vsync (99.5 kHz e)
[    58.000] (II) vmware(0): Modeline "2560x1440"x60.0  241.50  2560 2608 2640 2720  1440 1443 1448 1481 +hsync -vsync (88.8 kHz e)
[    58.000] (II) vmware(0): Modeline "1920x1440"x60.0  234.00  1920 2048 2256 2600  1440 1441 1444 1500 -hsync +vsync (90.0 kHz e)
[    58.000] (II) vmware(0): Modeline "1856x1392"x60.0  218.25  1856 1952 2176 2528  1392 1393 1396 1439 -hsync +vsync (86.3 kHz e)
[    58.000] (II) vmware(0): Modeline "1792x1344"x60.0  204.75  1792 1920 2120 2448  1344 1345 1348 1394 -hsync +vsync (83.6 kHz e)
[    58.000] (II) vmware(0): Modeline "1920x1200"x59.9  193.25  1920 2056 2256 2592  1200 1203 1209 1245 -hsync +vsync (74.6 kHz e)
[    58.000] (II) vmware(0): Modeline "1920x1080"x60.0  173.00  1920 2048 2248 2576  1080 1083 1088 1120 -hsync +vsync (67.2 kHz e)
[    58.000] (II) vmware(0): Modeline "1600x1200"x60.0  162.00  1600 1664 1856 2160  1200 1201 1204 1250 +hsync +vsync (75.0 kHz e)
[    58.000] (II) vmware(0): Modeline "1680x1050"x60.0  146.25  1680 1784 1960 2240  1050 1053 1059 1089 -hsync +vsync (65.3 kHz e)
[    58.000] (II) vmware(0): Modeline "1400x1050"x60.0  121.75  1400 1488 1632 1864  1050 1053 1057 1089 -hsync +vsync (65.3 kHz e)
[    58.000] (II) vmware(0): Modeline "1280x1024"x60.0  108.00  1280 1328 1440 1688  1024 1025 1028 1066 +hsync +vsync (64.0 kHz e)
[    58.000] (II) vmware(0): Modeline "1440x900"x59.9  106.50  1440 1520 1672 1904  900 903 909 934 -hsync +vsync (55.9 kHz e)
[    58.000] (II) vmware(0): Modeline "1280x960"x60.0  108.00  1280 1376 1488 1800  960 961 964 1000 +hsync +vsync (60.0 kHz e)
[    58.000] (II) vmware(0): Modeline "1360x768"x60.0   85.50  1360 1424 1536 1792  768 771 777 795 +hsync +vsync (47.7 kHz e)
[    58.000] (II) vmware(0): Modeline "1280x800"x59.8   83.50  1280 1352 1480 1680  800 803 809 831 +hsync -vsync (49.7 kHz e)
[    58.000] (II) vmware(0): Modeline "1152x864"x75.0  108.00  1152 1216 1344 1600  864 865 868 900 +hsync +vsync (67.5 kHz e)
[    58.000] (II) vmware(0): Modeline "1280x768"x59.9   79.50  1280 1344 1472 1664  768 771 778 798 -hsync +vsync (47.8 kHz e)
[    58.000] (II) vmware(0): Modeline "1280x720"x59.9   74.50  1280 1344 1472 1664  720 723 728 748 -hsync +vsync (44.8 kHz e)
[    58.000] (II) vmware(0): Modeline "1024x768"x60.0   65.00  1024 1048 1184 1344  768 771 777 806 -hsync -vsync (48.4 kHz e)
[    58.000] (II) vmware(0): Modeline "800x600"x60.3   40.00  800 840 968 1056  600 601 605 628 +hsync +vsync (37.9 kHz e)
[    58.000] (II) vmware(0): Modeline "640x480"x59.9   25.18  640 656 752 800  480 489 492 525 -hsync -vsync (31.5 kHz e)
[    58.000] (II) vmware(0): EDID for output Virtual2
[    58.002] (II) vmware(0): EDID for output Virtual3
[    58.002] (II) vmware(0): EDID for output Virtual4
[    58.002] (II) vmware(0): EDID for output Virtual5
[    58.002] (II) vmware(0): EDID for output Virtual6
[    58.002] (II) vmware(0): EDID for output Virtual7
[    58.002] (II) vmware(0): EDID for output Virtual8
[    58.002] (II) vmware(0): Output Virtual1 connected
[    58.002] (II) vmware(0): Output Virtual2 disconnected
[    58.002] (II) vmware(0): Output Virtual3 disconnected
[    58.002] (II) vmware(0): Output Virtual4 disconnected
[    58.002] (II) vmware(0): Output Virtual5 disconnected
[    58.002] (II) vmware(0): Output Virtual6 disconnected
[    58.002] (II) vmware(0): Output Virtual7 disconnected
[    58.002] (II) vmware(0): Output Virtual8 disconnected
[    58.002] (II) vmware(0): Using exact sizes for initial modes
[    58.003] (II) vmware(0): Output Virtual1 using initial mode 800x600 +0+0
[    58.003] (==) vmware(0): DPI set to (96, 96)
[    58.003] (==) vmware(0): Using gamma correction (1.0, 1.0, 1.0)
[    58.003] (II) Loading sub module "fb"
[    58.003] (II) LoadModule: "fb"
[    58.003] (II) Loading /usr/lib/xorg/modules/libfb.so
[    58.007] (II) Module fb: vendor="X.Org Foundation"
[    58.007] 	compiled for 1.20.13, module version = 1.0.0
[    58.007] 	ABI class: X.Org ANSI C Emulation, version 0.4
[    58.007] (II) Loading sub module "dri2"
[    58.007] (II) LoadModule: "dri2"
[    58.007] (II) Module "dri2" already built-in
[    58.007] (II) Loading sub module "dri3"
[    58.007] (II) LoadModule: "dri3"
[    58.007] (II) Module "dri3" already built-in
[    58.007] (II) UnloadModule: "modesetting"
[    58.007] (II) Unloading modesetting
[    58.007] (II) UnloadModule: "fbdev"
[    58.007] (II) Unloading fbdev
[    58.007] (II) UnloadSubModule: "fbdevhw"
[    58.007] (II) Unloading fbdevhw
[    58.007] (II) UnloadModule: "vesa"
[    58.008] (II) Unloading vesa
[    58.013] (II) vmware(0): Initialized VMWARE_CTRL extension version 0.2
[    58.092] (II) vmware(0): Gallium3D XA version: 2.5.0.
[    58.092] (II) vmware(0): Path of drm device is "/dev/dri/card0".
[    58.092] (II) vmware(0): [DRI2] Setup complete
[    58.092] (II) vmware(0): [DRI2]   DRI driver: vmwgfx
[    58.448] (--) vmware(0): Render acceleration is enabled.
[    58.448] (==) vmware(0): Rendercheck mode is disabled.
[    58.448] (--) vmware(0): Direct rendering (DRI2 3D) is enabled.
[    58.448] (--) vmware(0): Direct rendering (DRI3 3D) is enabled.
[    58.448] (==) vmware(0): Direct presents are disabled.
[    58.448] (==) vmware(0): Hardware only presents are automatic per scanout.
[    58.448] (==) vmware(0): Backing store enabled
[    58.448] (==) vmware(0): Silken mouse enabled
[    58.454] (==) vmware(0): DPMS enabled
[    58.454] (II) Initializing extension Generic Event Extension
[    58.455] (II) Initializing extension SHAPE
[    58.455] (II) Initializing extension MIT-SHM
[    58.455] (II) Initializing extension XInputExtension
[    58.458] (II) Initializing extension XTEST
[    58.459] (II) Initializing extension BIG-REQUESTS
[    58.460] (II) Initializing extension SYNC
[    58.460] (II) Initializing extension XKEYBOARD
[    58.460] (II) Initializing extension XC-MISC
[    58.460] (II) Initializing extension SECURITY
[    58.460] (II) Initializing extension XFIXES
[    58.461] (II) Initializing extension RENDER
[    58.461] (II) Initializing extension RANDR
[    58.462] (II) Initializing extension COMPOSITE
[    58.462] (II) Initializing extension DAMAGE
[    58.462] (II) Initializing extension MIT-SCREEN-SAVER
[    58.463] (II) Initializing extension DOUBLE-BUFFER
[    58.463] (II) Initializing extension RECORD
[    58.463] (II) Initializing extension DPMS
[    58.463] (II) Initializing extension Present
[    58.464] (II) Initializing extension DRI3
[    58.464] (II) Initializing extension X-Resource
[    58.465] (II) Initializing extension XVideo
[    58.465] (II) Initializing extension XVideo-MotionCompensation
[    58.465] (II) Initializing extension SELinux
[    58.465] (II) SELinux: Disabled on system
[    58.465] (II) Initializing extension GLX
[    58.511] (II) AIGLX: Loaded and initialized vmwgfx
[    58.511] (II) GLX: Initialized DRI2 GL provider for screen 0
[    58.511] (II) Initializing extension XFree86-VidModeExtension
[    58.512] (II) Initializing extension XFree86-DGA
[    58.512] (II) Initializing extension XFree86-DRI
[    58.512] (II) Initializing extension DRI2
[    58.537] (II) vmware(0): Setting screen physical size to 211 x 158
[    58.739] (II) config/udev: Adding input device Power Button (/dev/input/event0)
[    58.740] (**) Power Button: Applying InputClass "libinput keyboard catchall"
[    58.740] (II) LoadModule: "libinput"
[    58.743] (II) Loading /usr/lib/xorg/modules/input/libinput_drv.so
[    58.752] (II) Module libinput: vendor="X.Org Foundation"
[    58.752] 	compiled for 1.20.4, module version = 0.29.0
[    58.752] 	Module class: X.Org XInput Driver
[    58.752] 	ABI class: X.Org XInput driver, version 24.1
[    58.753] (II) Using input driver 'libinput' for 'Power Button'
[    58.768] (II) systemd-logind: got fd for /dev/input/event0 13:64 fd 24 paused 0
[    58.768] (**) Power Button: always reports core events
[    58.768] (**) Option "Device" "/dev/input/event0"
[    58.768] (**) Option "_source" "server/udev"
[    58.781] (II) event0  - Power Button: is tagged by udev as: Keyboard
[    58.781] (II) event0  - Power Button: device is a keyboard
[    58.781] (II) event0  - Power Button: device removed
[    58.782] (**) Option "config_info" "udev:/sys/devices/LNXSYSTM:00/LNXPWRBN:00/input/input0/event0"
[    58.782] (II) XINPUT: Adding extended input device "Power Button" (type: KEYBOARD, id 6)
[    58.782] (**) Option "xkb_model" "SKIP"
[    58.782] (**) Option "xkb_layout" "us"
[    58.890] (II) event0  - Power Button: is tagged by udev as: Keyboard
[    58.891] (II) event0  - Power Button: device is a keyboard
[    58.899] (II) config/udev: Adding input device VMware VMware Virtual USB Mouse (/dev/input/event4)
[    58.899] (**) VMware VMware Virtual USB Mouse: Applying InputClass "libinput pointer catchall"
[    58.899] (II) Using input driver 'libinput' for 'VMware VMware Virtual USB Mouse'
[    58.966] (II) systemd-logind: got fd for /dev/input/event4 13:68 fd 27 paused 0
[    58.966] (**) VMware VMware Virtual USB Mouse: always reports core events
[    58.966] (**) Option "Device" "/dev/input/event4"
[    58.966] (**) Option "_source" "server/udev"
[    58.972] (II) event4  - VMware VMware Virtual USB Mouse: is tagged by udev as: Mouse
[    58.973] (II) event4  - VMware VMware Virtual USB Mouse: device is a pointer
[    58.974] (II) event4  - VMware VMware Virtual USB Mouse: device removed
[    58.974] (**) Option "config_info" "udev:/sys/devices/pci0000:00/0000:00:11.0/0000:02:00.0/usb2/2-1/2-1:1.0/0003:0E0F:0003.0001/input/input5/event4"
[    58.974] (II) XINPUT: Adding extended input device "VMware VMware Virtual USB Mouse" (type: MOUSE, id 7)
[    58.974] (**) Option "AccelerationScheme" "none"
[    58.974] (**) VMware VMware Virtual USB Mouse: (accel) selected scheme none/0
[    58.974] (**) VMware VMware Virtual USB Mouse: (accel) acceleration factor: 2.000
[    58.974] (**) VMware VMware Virtual USB Mouse: (accel) acceleration threshold: 4
[    58.979] (II) event4  - VMware VMware Virtual USB Mouse: is tagged by udev as: Mouse
[    58.979] (II) event4  - VMware VMware Virtual USB Mouse: device is a pointer
[    59.000] (II) config/udev: Adding input device VMware VMware Virtual USB Mouse (/dev/input/mouse2)
[    59.000] (II) No input driver specified, ignoring this device.
[    59.000] (II) This device may have been added with another device file.
[    59.001] (II) config/udev: Adding input device AT Translated Set 2 keyboard (/dev/input/event1)
[    59.001] (**) AT Translated Set 2 keyboard: Applying InputClass "libinput keyboard catchall"
[    59.001] (II) Using input driver 'libinput' for 'AT Translated Set 2 keyboard'
[    59.007] (II) systemd-logind: got fd for /dev/input/event1 13:65 fd 28 paused 0
[    59.007] (**) AT Translated Set 2 keyboard: always reports core events
[    59.007] (**) Option "Device" "/dev/input/event1"
[    59.007] (**) Option "_source" "server/udev"
[    59.011] (II) event1  - AT Translated Set 2 keyboard: is tagged by udev as: Keyboard
[    59.011] (II) event1  - AT Translated Set 2 keyboard: device is a keyboard
[    59.012] (II) event1  - AT Translated Set 2 keyboard: device removed
[    59.012] (**) Option "config_info" "udev:/sys/devices/platform/i8042/serio0/input/input1/event1"
[    59.012] (II) XINPUT: Adding extended input device "AT Translated Set 2 keyboard" (type: KEYBOARD, id 8)
[    59.012] (**) Option "xkb_model" "SKIP"
[    59.012] (**) Option "xkb_layout" "us"
[    59.015] (II) event1  - AT Translated Set 2 keyboard: is tagged by udev as: Keyboard
[    59.015] (II) event1  - AT Translated Set 2 keyboard: device is a keyboard
[    59.017] (II) config/udev: Adding input device VirtualPS/2 VMware VMMouse (/dev/input/event3)
[    59.017] (**) VirtualPS/2 VMware VMMouse: Applying InputClass "libinput pointer catchall"
[    59.017] (II) Using input driver 'libinput' for 'VirtualPS/2 VMware VMMouse'
[    59.029] (II) systemd-logind: got fd for /dev/input/event3 13:67 fd 29 paused 0
[    59.029] (**) VirtualPS/2 VMware VMMouse: always reports core events
[    59.029] (**) Option "Device" "/dev/input/event3"
[    59.029] (**) Option "_source" "server/udev"
[    59.032] (II) event3  - VirtualPS/2 VMware VMMouse: is tagged by udev as: Mouse
[    59.032] (II) event3  - VirtualPS/2 VMware VMMouse: device is a pointer
[    59.033] (II) event3  - VirtualPS/2 VMware VMMouse: device removed
[    59.033] (**) Option "config_info" "udev:/sys/devices/platform/i8042/serio1/input/input3/event3"
[    59.033] (II) XINPUT: Adding extended input device "VirtualPS/2 VMware VMMouse" (type: MOUSE, id 9)
[    59.033] (**) Option "AccelerationScheme" "none"
[    59.034] (**) VirtualPS/2 VMware VMMouse: (accel) selected scheme none/0
[    59.034] (**) VirtualPS/2 VMware VMMouse: (accel) acceleration factor: 2.000
[    59.034] (**) VirtualPS/2 VMware VMMouse: (accel) acceleration threshold: 4
[    59.040] (II) event3  - VirtualPS/2 VMware VMMouse: is tagged by udev as: Mouse
[    59.041] (II) event3  - VirtualPS/2 VMware VMMouse: device is a pointer
[    59.048] (II) config/udev: Adding input device VirtualPS/2 VMware VMMouse (/dev/input/mouse1)
[    59.048] (II) No input driver specified, ignoring this device.
[    59.048] (II) This device may have been added with another device file.
[    59.051] (II) config/udev: Adding input device VirtualPS/2 VMware VMMouse (/dev/input/event2)
[    59.051] (**) VirtualPS/2 VMware VMMouse: Applying InputClass "libinput pointer catchall"
[    59.051] (II) Using input driver 'libinput' for 'VirtualPS/2 VMware VMMouse'
[    59.066] (II) systemd-logind: got fd for /dev/input/event2 13:66 fd 30 paused 0
[    59.066] (**) VirtualPS/2 VMware VMMouse: always reports core events
[    59.066] (**) Option "Device" "/dev/input/event2"
[    59.066] (**) Option "_source" "server/udev"
[    59.084] (II) event2  - VirtualPS/2 VMware VMMouse: is tagged by udev as: Mouse
[    59.087] (II) event2  - VirtualPS/2 VMware VMMouse: device is a pointer
[    59.088] (II) event2  - VirtualPS/2 VMware VMMouse: device removed
[    59.089] (**) Option "config_info" "udev:/sys/devices/platform/i8042/serio1/input/input4/event2"
[    59.089] (II) XINPUT: Adding extended input device "VirtualPS/2 VMware VMMouse" (type: MOUSE, id 10)
[    59.089] (**) Option "AccelerationScheme" "none"
[    59.089] (**) VirtualPS/2 VMware VMMouse: (accel) selected scheme none/0
[    59.089] (**) VirtualPS/2 VMware VMMouse: (accel) acceleration factor: 2.000
[    59.089] (**) VirtualPS/2 VMware VMMouse: (accel) acceleration threshold: 4
[    59.094] (II) event2  - VirtualPS/2 VMware VMMouse: is tagged by udev as: Mouse
[    59.095] (II) event2  - VirtualPS/2 VMware VMMouse: device is a pointer
[    59.096] (II) config/udev: Adding input device VirtualPS/2 VMware VMMouse (/dev/input/mouse0)
[    59.097] (II) No input driver specified, ignoring this device.
[    59.097] (II) This device may have been added with another device file.
